<?xml version="1.0" encoding="UTF-8"?>
<!-- Generated by org.testng.reporters.JUnitXMLReporter -->
<testsuite hostname="jarvis" ignored="0" name="Test" tests="3" failures="1" timestamp="26 Dec 2020 05:28:21 GMT" time="47.25" errors="0">
  <testcase name="instagram" time="2.431" classname="testscripts.TestInstagram"/>
  <testcase name="twitter" time="3.932" classname="testscripts.TestTwitter"/>
  <testcase name="linkedin" time="31.764" classname="testscripts.TestLinkedin">
    <failure type="java.lang.AssertionError">
      <![CDATA[java.lang.AssertionError: 
at testscripts.TestLinkedin.linkedin(TestLinkedin.java:33)
... Removed 27 stack frames]]>
    </failure>
  </testcase> <!-- linkedin -->
</testsuite> <!-- Test -->
