<?xml version="1.0" encoding="UTF-8"?>
<testng-results skipped="0" failed="0" ignored="0" total="1" passed="1">
  <reporter-output>
  </reporter-output>
  <suite name="Default suite" duration-ms="481" started-at="2020-12-27T05:12:56Z" finished-at="2020-12-27T05:12:57Z">
    <groups>
    </groups>
    <test name="Default test" duration-ms="481" started-at="2020-12-27T05:12:56Z" finished-at="2020-12-27T05:12:57Z">
      <class name="excelhandling.WritingDataInExcelUsingEnhancedForLoop">
        <test-method status="PASS" signature="writeExcelFile()[pri:0, instance:excelhandling.WritingDataInExcelUsingEnhancedForLoop@146ba0ac]" name="writeExcelFile" duration-ms="457" started-at="2020-12-27T05:12:56Z" finished-at="2020-12-27T05:12:57Z">
          <reporter-output>
          </reporter-output>
        </test-method> <!-- writeExcelFile -->
      </class> <!-- excelhandling.WritingDataInExcelUsingEnhancedForLoop -->
    </test> <!-- Default test -->
  </suite> <!-- Default suite -->
</testng-results>
